<?xml version="1.0" encoding="UTF-8"?>
<testsuite name="Scenario: User can do a search from Google homepage using the suggestions" tests="14" skipped="0" failures="2" errors="0" timestamp="2020-07-07T18:50:04" hostname="LAPTOP-AS5HFOC4" time="35.028">
  <properties/>
  <testcase name="Given I m on the homepage" classname="Scenario: User can do a search from Google homepage using the suggestions" time="0.0"/>
  <testcase name="When I type 'The name of the w' into the search field" classname="Scenario: User can do a search from Google homepage using the suggestions" time="0.0"/>
  <testcase name="And the suggestions list is displayed" classname="Scenario: User can do a search from Google homepage using the suggestions" time="0.0"/>
  <testcase name="And I click on the first suggestion in the list" classname="Scenario: User can do a search from Google homepage using the suggestions" time="0.0"/>
  <testcase name="Then I go to the search results page" classname="Scenario: User can do a search from Google homepage using the suggestions" time="0.0"/>
  <testcase name="And the first result is 'The Name of the Wind - Patrick Rothfuss'" classname="Scenario: User can do a search from Google homepage using the suggestions" time="0.0">
    <failure message="org.junit.ComparisonFailure: the result was 'The Name of the Wind by Patrick Rothfuss - Goodreads' but the expected is 'The Name of the Wind - Patrick Rothfuss'. expected:&lt;...he Name of the Wind [- Patrick Rothfus]s&gt; but was:&lt;...he Name of the Wind [by Patrick Rothfuss - Goodread]s&gt;" type="org.junit.ComparisonFailure">org.junit.ComparisonFailure: the result was 'The Name of the Wind by Patrick Rothfuss - Goodreads' but the expected is 'The Name of the Wind - Patrick Rothfuss'. expected:&lt;...he Name of the Wind [- Patrick Rothfus]s&gt; but was:&lt;...he Name of the Wind [by Patrick Rothfuss - Goodread]s&gt;
	at org.junit.Assert.assertEquals(Assert.java:115)
	at co.com.pruebatecnica.controllers.google.MainController.checkSpecificSearchResult(MainController.java:100)
	at co.com.pruebatecnica.stepsdefinitions.step_google.StepTestGoogle.theFirstResultIsTheNameOfTheWindPatrickRothfuss(StepTestGoogle.java:52)
	at ✽.And the first result is 'The Name of the Wind - Patrick Rothfuss'(src/main/resources/features/GoogleSearch.feature:18)
</failure>
  </testcase>
  <testcase name="classMethod" classname="Scenario: User can do a search from Google homepage using the suggestions" time="13.427">
    <failure message="org.junit.ComparisonFailure: the result was 'The Name of the Wind by Patrick Rothfuss - Goodreads' but the expected is 'The Name of the Wind - Patrick Rothfuss'. expected:&lt;...he Name of the Wind [- Patrick Rothfus]s&gt; but was:&lt;...he Name of the Wind [by Patrick Rothfuss - Goodread]s&gt;" type="org.junit.ComparisonFailure">org.junit.ComparisonFailure: the result was 'The Name of the Wind by Patrick Rothfuss - Goodreads' but the expected is 'The Name of the Wind - Patrick Rothfuss'. expected:&lt;...he Name of the Wind [- Patrick Rothfus]s&gt; but was:&lt;...he Name of the Wind [by Patrick Rothfuss - Goodread]s&gt;
	at org.junit.Assert.assertEquals(Assert.java:115)
	at co.com.pruebatecnica.controllers.google.MainController.checkSpecificSearchResult(MainController.java:100)
	at co.com.pruebatecnica.stepsdefinitions.step_google.StepTestGoogle.theFirstResultIsTheNameOfTheWindPatrickRothfuss(StepTestGoogle.java:52)
	at ✽.And the first result is 'The Name of the Wind - Patrick Rothfuss'(src/main/resources/features/GoogleSearch.feature:18)
</failure>
  </testcase>
  <testcase name="Given I m on the homepage" classname="Scenario: User can do a search from Google homepage using the suggestions" time="0.0"/>
  <testcase name="When I type 'The name of the w' into the search field" classname="Scenario: User can do a search from Google homepage using the suggestions" time="0.0"/>
  <testcase name="And the suggestions list is displayed" classname="Scenario: User can do a search from Google homepage using the suggestions" time="0.0"/>
  <testcase name="And I click on the first suggestion in the list" classname="Scenario: User can do a search from Google homepage using the suggestions" time="0.0"/>
  <testcase name="Then I go to the search results page" classname="Scenario: User can do a search from Google homepage using the suggestions" time="0.001"/>
  <testcase name="And the third result is 'The Name of the Wind by Patrick Rothfuss - Goodreads'" classname="Scenario: User can do a search from Google homepage using the suggestions" time="0.0"/>
  <testcase name="classMethod" classname="Scenario: User can do a search from Google homepage using the suggestions" time="13.791"/>
  <system-out><![CDATA[2020-jul-07 13:49:58 [Test] INFO  : ============================ Start Test ==============================

  Scenario: User can do a search from Google homepage using Google Search button ?[90m# src/main/resources/features/GoogleSearch.feature:4?[0m
    ?[32mGiven ?[0m?[32mI m on the homepage?[0m                                                    ?[90m# StepTestGoogle.ImOnTheHomepage()?[0m
    ?[32mWhen ?[0m?[32mI type 'The name of the wind' into the search field?[0m                     ?[90m# StepTestGoogle.iTypeTheNameOfTheWindIntoTheSearchField()?[0m
    ?[32mAnd ?[0m?[32mI click the Google Search button?[0m                                         ?[90m# StepTestGoogle.iClickTheGoogleSearchButton()?[0m
    ?[32mThen ?[0m?[32mI go to the search results page?[0m                                         ?[90m# StepTestGoogle.iGoToTheSearchResultsPage()?[0m
    ?[31mAnd ?[0m?[31mthe first result is ?[0m?[31m?[1m'The Name of the Wind - Patrick Rothfuss'?[0m            ?[90m# StepTestGoogle.theFirstResultIsTheNameOfTheWindPatrickRothfuss(String)?[0m
      ?[31morg.junit.ComparisonFailure: the result was 'The Name of the Wind by Patrick Rothfuss - Goodreads' but the expected is 'The Name of the Wind - Patrick Rothfuss'. expected:<...he Name of the Wind [- Patrick Rothfus]s> but was:<...he Name of the Wind [by Patrick Rothfuss - Goodread]s>
      	at org.junit.Assert.assertEquals(Assert.java:115)
      	at co.com.pruebatecnica.controllers.google.MainController.checkSpecificSearchResult(MainController.java:100)
      	at co.com.pruebatecnica.stepsdefinitions.step_google.StepTestGoogle.theFirstResultIsTheNameOfTheWindPatrickRothfuss(StepTestGoogle.java:52)
      	at ?.And the first result is 'The Name of the Wind - Patrick Rothfuss'(src/main/resources/features/GoogleSearch.feature:9)
      ?[0m
2020-jul-07 13:50:04 [Test] INFO  : ----------Operation: Go to google home page----------
2020-jul-07 13:50:04 [Test] INFO  : ----------Operation successfully completed----------

2020-jul-07 13:50:26 [Test] INFO  : ============================ Start Test ==============================

  Scenario: User can do a search from Google homepage using Google Search button   ?[90m# src/main/resources/features/GoogleSearch.feature:21?[0m
    ?[32mGiven ?[0m?[32mI m on the homepage?[0m                                                      ?[90m# StepTestGoogle.ImOnTheHomepage()?[0m
    ?[32mWhen ?[0m?[32mI type 'The name of the wind' into the search field?[0m                       ?[90m# StepTestGoogle.iTypeTheNameOfTheWindIntoTheSearchField()?[0m
    ?[32mAnd ?[0m?[32mI click the Google Search button?[0m                                           ?[90m# StepTestGoogle.iClickTheGoogleSearchButton()?[0m
    ?[32mThen ?[0m?[32mI go to the search results page?[0m                                           ?[90m# StepTestGoogle.iGoToTheSearchResultsPage()?[0m
    ?[32mAnd ?[0m?[32mthe third result is ?[0m?[32m?[1m'The Name of the Wind by Patrick Rothfuss - Goodreads'?[0m ?[90m# StepTestGoogle.theThirdResultIsTheNameOfTheWindByPatrickRothfussGoodreads(String)?[0m
2020-jul-07 13:50:32 [Test] INFO  : ----------Operation: Go to google home page----------
2020-jul-07 13:50:32 [Test] INFO  : ----------Operation successfully completed----------

]]></system-out>
  <system-err><![CDATA[Starting ChromeDriver 72.0.3626.69 (3c16f8a135abc0d4da2dff33804db79b849a7c38) on port 13241
Only local connections are allowed.
Please protect ports used by ChromeDriver and related test frameworks to prevent access by malicious code.
[1594147801.517][WARNING]: Timed out connecting to Chrome, retrying...
jul 07, 2020 1:50:03 PM org.openqa.selenium.remote.ProtocolHandshake createSession
INFORMACIÓN: Detected dialect: OSS
Starting ChromeDriver 72.0.3626.69 (3c16f8a135abc0d4da2dff33804db79b849a7c38) on port 30716
Only local connections are allowed.
Please protect ports used by ChromeDriver and related test frameworks to prevent access by malicious code.
[1594147829.587][WARNING]: Timed out connecting to Chrome, retrying...
jul 07, 2020 1:50:31 PM org.openqa.selenium.remote.ProtocolHandshake createSession
INFORMACIÓN: Detected dialect: OSS
]]></system-err>
</testsuite>
