<?xml version="1.0" encoding="UTF-8"?>
<testsuite name="| The Name of the Wind - Patrick Rothfuss |" tests="17" skipped="4" failures="4" errors="0" timestamp="2020-07-06T20:45:21" hostname="LAPTOP-AS5HFOC4" time="37.258">
  <properties/>
  <testcase name="Given I m on the homepage" classname="| The Name of the Wind - Patrick Rothfuss |" time="0.0"/>
  <testcase name="When I type 'The name of the wind' into the search field" classname="| The Name of the Wind - Patrick Rothfuss |" time="0.0"/>
  <testcase name="And I click the Google Search button" classname="| The Name of the Wind - Patrick Rothfuss |" time="0.0"/>
  <testcase name="Then I go to the search results page" classname="| The Name of the Wind - Patrick Rothfuss |" time="0.0"/>
  <testcase name="And the first result is 'The Name of the Wind - Patrick Rothfuss'" classname="| The Name of the Wind - Patrick Rothfuss |" time="0.001">
    <failure message="org.junit.ComparisonFailure: the result was 'The Name of the Wind by Patrick Rothfuss - Goodreads' but the expected is 'The Name of the Wind - Patrick Rothfuss'. expected:&lt;...he Name of the Wind [- Patrick Rothfus]s&gt; but was:&lt;...he Name of the Wind [by Patrick Rothfuss - Goodread]s&gt;" type="org.junit.ComparisonFailure">org.junit.ComparisonFailure: the result was 'The Name of the Wind by Patrick Rothfuss - Goodreads' but the expected is 'The Name of the Wind - Patrick Rothfuss'. expected:&lt;...he Name of the Wind [- Patrick Rothfus]s&gt; but was:&lt;...he Name of the Wind [by Patrick Rothfuss - Goodread]s&gt;
	at org.junit.Assert.assertEquals(Assert.java:115)
	at co.com.pruebatecnica.controllers.google.MainController.checkSpecificSearchResult(MainController.java:103)
	at co.com.pruebatecnica.stepsdefinitions.step_google.StepTestGoogle.theFirstResultIsTheNameOfTheWindPatrickRothfuss(StepTestGoogle.java:52)
	at ✽.And the first result is 'The Name of the Wind - Patrick Rothfuss'(src/main/resources/features/ScenarioUserStorie.feature:8)
</failure>
  </testcase>
  <testcase name="When I click on the first result link" classname="| The Name of the Wind - Patrick Rothfuss |" time="0.0">
    <skipped/>
  </testcase>
  <testcase name="Then I go to the 'Patrick Rothfuss - The Books' page" classname="| The Name of the Wind - Patrick Rothfuss |" time="0.0">
    <skipped/>
  </testcase>
  <testcase name="classMethod" classname="| The Name of the Wind - Patrick Rothfuss |" time="15.621">
    <failure message="org.junit.ComparisonFailure: the result was 'The Name of the Wind by Patrick Rothfuss - Goodreads' but the expected is 'The Name of the Wind - Patrick Rothfuss'. expected:&lt;...he Name of the Wind [- Patrick Rothfus]s&gt; but was:&lt;...he Name of the Wind [by Patrick Rothfuss - Goodread]s&gt;" type="org.junit.ComparisonFailure">org.junit.ComparisonFailure: the result was 'The Name of the Wind by Patrick Rothfuss - Goodreads' but the expected is 'The Name of the Wind - Patrick Rothfuss'. expected:&lt;...he Name of the Wind [- Patrick Rothfus]s&gt; but was:&lt;...he Name of the Wind [by Patrick Rothfuss - Goodread]s&gt;
	at org.junit.Assert.assertEquals(Assert.java:115)
	at co.com.pruebatecnica.controllers.google.MainController.checkSpecificSearchResult(MainController.java:103)
	at co.com.pruebatecnica.stepsdefinitions.step_google.StepTestGoogle.theFirstResultIsTheNameOfTheWindPatrickRothfuss(StepTestGoogle.java:52)
	at ✽.And the first result is 'The Name of the Wind - Patrick Rothfuss'(src/main/resources/features/ScenarioUserStorie.feature:8)
</failure>
  </testcase>
  <testcase name="Given I m on the homepage" classname="| The Name of the Wind - Patrick Rothfuss |" time="0.0"/>
  <testcase name="When I type 'The name of the w' into the search field" classname="| The Name of the Wind - Patrick Rothfuss |" time="0.0"/>
  <testcase name="And the suggestions list is displayed" classname="| The Name of the Wind - Patrick Rothfuss |" time="0.0"/>
  <testcase name="And I click on the first suggestion in the list" classname="| The Name of the Wind - Patrick Rothfuss |" time="0.0"/>
  <testcase name="Then I go to the search results page" classname="| The Name of the Wind - Patrick Rothfuss |" time="0.0"/>
  <testcase name="And the first result is 'The Name of the Wind - Patrick Rothfuss'" classname="| The Name of the Wind - Patrick Rothfuss |" time="0.0">
    <failure message="org.junit.ComparisonFailure: the result was 'The Name of the Wind by Patrick Rothfuss - Goodreads' but the expected is 'The Name of the Wind - Patrick Rothfuss'. expected:&lt;...he Name of the Wind [- Patrick Rothfus]s&gt; but was:&lt;...he Name of the Wind [by Patrick Rothfuss - Goodread]s&gt;" type="org.junit.ComparisonFailure">org.junit.ComparisonFailure: the result was 'The Name of the Wind by Patrick Rothfuss - Goodreads' but the expected is 'The Name of the Wind - Patrick Rothfuss'. expected:&lt;...he Name of the Wind [- Patrick Rothfus]s&gt; but was:&lt;...he Name of the Wind [by Patrick Rothfuss - Goodread]s&gt;
	at org.junit.Assert.assertEquals(Assert.java:115)
	at co.com.pruebatecnica.controllers.google.MainController.checkSpecificSearchResult(MainController.java:103)
	at co.com.pruebatecnica.stepsdefinitions.step_google.StepTestGoogle.theFirstResultIsTheNameOfTheWindPatrickRothfuss(StepTestGoogle.java:52)
	at ✽.And the first result is 'The Name of the Wind - Patrick Rothfuss'(src/main/resources/features/ScenarioUserStorie.feature:23)
</failure>
  </testcase>
  <testcase name="When I click on the first result link" classname="| The Name of the Wind - Patrick Rothfuss |" time="0.0">
    <skipped/>
  </testcase>
  <testcase name="Then I go to the 'Patrick Rothfuss - The Books' page" classname="| The Name of the Wind - Patrick Rothfuss |" time="0.0">
    <skipped/>
  </testcase>
  <testcase name="classMethod" classname="| The Name of the Wind - Patrick Rothfuss |" time="13.356">
    <failure message="org.junit.ComparisonFailure: the result was 'The Name of the Wind by Patrick Rothfuss - Goodreads' but the expected is 'The Name of the Wind - Patrick Rothfuss'. expected:&lt;...he Name of the Wind [- Patrick Rothfus]s&gt; but was:&lt;...he Name of the Wind [by Patrick Rothfuss - Goodread]s&gt;" type="org.junit.ComparisonFailure">org.junit.ComparisonFailure: the result was 'The Name of the Wind by Patrick Rothfuss - Goodreads' but the expected is 'The Name of the Wind - Patrick Rothfuss'. expected:&lt;...he Name of the Wind [- Patrick Rothfus]s&gt; but was:&lt;...he Name of the Wind [by Patrick Rothfuss - Goodread]s&gt;
	at org.junit.Assert.assertEquals(Assert.java:115)
	at co.com.pruebatecnica.controllers.google.MainController.checkSpecificSearchResult(MainController.java:103)
	at co.com.pruebatecnica.stepsdefinitions.step_google.StepTestGoogle.theFirstResultIsTheNameOfTheWindPatrickRothfuss(StepTestGoogle.java:52)
	at ✽.And the first result is 'The Name of the Wind - Patrick Rothfuss'(src/main/resources/features/ScenarioUserStorie.feature:23)
</failure>
  </testcase>
  <system-out><![CDATA[2020-jul-06 15:45:13 [Test] INFO  : ============================ Start Test ==============================
2020-jul-06 15:45:21 [Test] INFO  : ----------Operation: Go to google home page----------
2020-jul-06 15:45:21 [Test] INFO  : ----------Operation successfully completed----------

2020-jul-06 15:45:45 [Test] INFO  : ============================ Start Test ==============================
2020-jul-06 15:45:51 [Test] INFO  : ----------Operation: Go to google home page----------
2020-jul-06 15:45:51 [Test] INFO  : ----------Operation successfully completed----------

]]></system-out>
  <system-err><![CDATA[SLF4J: Failed to load class "org.slf4j.impl.StaticLoggerBinder".
SLF4J: Defaulting to no-operation (NOP) logger implementation
SLF4J: See http://www.slf4j.org/codes.html#StaticLoggerBinder for further details.
Starting ChromeDriver 72.0.3626.69 (3c16f8a135abc0d4da2dff33804db79b849a7c38) on port 4076
Only local connections are allowed.
Please protect ports used by ChromeDriver and related test frameworks to prevent access by malicious code.
[1594068317.816][WARNING]: Timed out connecting to Chrome, retrying...
jul 06, 2020 3:45:19 PM org.openqa.selenium.remote.ProtocolHandshake createSession
INFORMACIÓN: Detected dialect: OSS
Starting ChromeDriver 72.0.3626.69 (3c16f8a135abc0d4da2dff33804db79b849a7c38) on port 2075
Only local connections are allowed.
Please protect ports used by ChromeDriver and related test frameworks to prevent access by malicious code.
[1594068348.746][WARNING]: Timed out connecting to Chrome, retrying...
jul 06, 2020 3:45:50 PM org.openqa.selenium.remote.ProtocolHandshake createSession
INFORMACIÓN: Detected dialect: OSS
]]></system-err>
</testsuite>
